Unity Editor version:    2021.3.10f1 (1c7d0df0160b)
Branch:                  2021.3/staging
Build type:              Release
Batch mode:              YES
macOS version:           Version 11.5.2 (Build 20G95)
Darwin version:          20.6.0
Architecture:            arm64
Running under Rosetta:   NO
Available memory:        8192 MB
Using pre-set license
Pro License: YES

COMMAND LINE ARGUMENTS:
/Applications/Unity/Hub/Editor/2021.3.10f1/Unity.app/Contents/MacOS/Unity
-adb2
-batchMode
-noUpm
-name
AssetImportWorker0
-projectPath
/Users/isaacau/Projects/Chess
-logFile
Logs/AssetImportWorker0.log
-srvPort
61042
Successfully changed project path to: /Users/isaacau/Projects/Chess
/Users/isaacau/Projects/Chess
[UnityMemory] Configuration Parameters - Can be set up in boot.config
    "memorysetup-bucket-allocator-granularity=16"
    "memorysetup-bucket-allocator-bucket-count=8"
    "memorysetup-bucket-allocator-block-size=33554432"
    "memorysetup-bucket-allocator-block-count=8"
    "memorysetup-main-allocator-block-size=16777216"
    "memorysetup-thread-allocator-block-size=16777216"
    "memorysetup-gfx-main-allocator-block-size=16777216"
    "memorysetup-gfx-thread-allocator-block-size=16777216"
    "memorysetup-cache-allocator-block-size=4194304"
    "memorysetup-typetree-allocator-block-size=2097152"
    "memorysetup-profiler-bucket-allocator-granularity=16"
    "memorysetup-profiler-bucket-allocator-bucket-count=8"
    "memorysetup-profiler-bucket-allocator-block-size=33554432"
    "memorysetup-profiler-bucket-allocator-block-count=8"
    "memorysetup-profiler-allocator-block-size=16777216"
    "memorysetup-profiler-editor-allocator-block-size=1048576"
    "memorysetup-temp-allocator-size-main=16777216"
    "memorysetup-job-temp-allocator-block-size=2097152"
    "memorysetup-job-temp-allocator-block-size-background=1048576"
    "memorysetup-job-temp-allocator-reduction-small-platforms=262144"
    "memorysetup-temp-allocator-size-background-worker=32768"
    "memorysetup-temp-allocator-size-job-worker=262144"
    "memorysetup-temp-allocator-size-preload-manager=33554432"
    "memorysetup-temp-allocator-size-nav-mesh-worker=65536"
    "memorysetup-temp-allocator-size-audio-worker=65536"
    "memorysetup-temp-allocator-size-cloud-worker=32768"
    "memorysetup-temp-allocator-size-gi-baking-worker=262144"
    "memorysetup-temp-allocator-size-gfx=262144"
Refreshing native plugins compatible for Editor in 33.00 ms, found 3 plugins.
Preloading 0 native plugins for Editor in 0.00 ms.
Initialize engine version: 2021.3.10f1 (1c7d0df0160b)
[Subsystems] Discovering subsystems at path /Applications/Unity/Hub/Editor/2021.3.10f1/Unity.app/Contents/Resources/UnitySubsystems
[Subsystems] Discovering subsystems at path /Users/isaacau/Projects/Chess/Assets
GfxDevice: creating device client; threaded=0; jobified=0
 preferred device: Apple M1 (high power)
Metal devices available: 1
0: Apple M1 (high power)
Using device Apple M1 (high power)
Initializing Metal device caps: Apple M1
Initialize mono
Mono path[0] = '/Applications/Unity/Hub/Editor/2021.3.10f1/Unity.app/Contents/Managed'
Mono path[1] = '/Applications/Unity/Hub/Editor/2021.3.10f1/Unity.app/Contents/MonoBleedingEdge/lib/mono/unityjit-macos'
Mono config path = '/Applications/Unity/Hub/Editor/2021.3.10f1/Unity.app/Contents/MonoBleedingEdge/etc'
Using monoOptions --debugger-agent=transport=dt_socket,embedding=1,server=y,suspend=n,address=127.0.0.1:56504
Begin MonoManager ReloadAssembly
Registering precompiled unity dll's ...
Register platform support module: /Applications/Unity/Hub/Editor/2021.3.10f1/PlaybackEngines/WebGLSupport/UnityEditor.WebGL.Extensions.dll
Register platform support module: /Applications/Unity/Hub/Editor/2021.3.10f1/Unity.app/Contents/PlaybackEngines/MacStandaloneSupport/UnityEditor.OSXStandalone.Extensions.dll
Registered in 0.002782 seconds.
Native extension for OSXStandalone target not found
Native extension for WebGL target not found
Refreshing native plugins compatible for Editor in 30.86 ms, found 3 plugins.
Preloading 0 native plugins for Editor in 0.00 ms.
Mono: successfully reloaded assembly
- Completed reload, in  0.416 seconds
Domain Reload Profiling:
	ReloadAssembly (417ms)
		BeginReloadAssembly (64ms)
			ExecutionOrderSort (0ms)
			DisableScriptedObjects (0ms)
			BackupInstance (0ms)
			ReleaseScriptingObjects (0ms)
			CreateAndSetChildDomain (0ms)
		EndReloadAssembly (274ms)
			LoadAssemblies (65ms)
			RebuildTransferFunctionScriptingTraits (0ms)
			SetupTypeCache (76ms)
			ReleaseScriptCaches (0ms)
			RebuildScriptCaches (20ms)
			SetupLoadedEditorAssemblies (148ms)
				LogAssemblyErrors (0ms)
				InitializePlatformSupportModulesInManaged (4ms)
				SetLoadedEditorAssemblies (0ms)
				RefreshPlugins (31ms)
				BeforeProcessingInitializeOnLoad (1ms)
				ProcessInitializeOnLoadAttributes (85ms)
				ProcessInitializeOnLoadMethodAttributes (27ms)
				AfterProcessingInitializeOnLoad (0ms)
				EditorAssembliesLoaded (0ms)
			ExecutionOrderSort2 (0ms)
			AwakeInstancesAfterBackupRestoration (0ms)
Platform modules already initialized, skipping
Registering precompiled user dll's ...
Registered in 0.003562 seconds.
Begin MonoManager ReloadAssembly
Native extension for OSXStandalone target not found
Native extension for WebGL target not found
Refreshing native plugins compatible for Editor in 30.46 ms, found 3 plugins.
Preloading 0 native plugins for Editor in 0.00 ms.
Mono: successfully reloaded assembly
- Completed reload, in  0.637 seconds
Domain Reload Profiling:
	ReloadAssembly (638ms)
		BeginReloadAssembly (65ms)
			ExecutionOrderSort (0ms)
			DisableScriptedObjects (4ms)
			BackupInstance (0ms)
			ReleaseScriptingObjects (0ms)
			CreateAndSetChildDomain (22ms)
		EndReloadAssembly (497ms)
			LoadAssemblies (42ms)
			RebuildTransferFunctionScriptingTraits (0ms)
			SetupTypeCache (142ms)
			ReleaseScriptCaches (1ms)
			RebuildScriptCaches (33ms)
			SetupLoadedEditorAssemblies (242ms)
				LogAssemblyErrors (0ms)
				InitializePlatformSupportModulesInManaged (2ms)
				SetLoadedEditorAssemblies (0ms)
				RefreshPlugins (30ms)
				BeforeProcessingInitializeOnLoad (40ms)
				ProcessInitializeOnLoadAttributes (140ms)
				ProcessInitializeOnLoadMethodAttributes (28ms)
				AfterProcessingInitializeOnLoad (1ms)
				EditorAssembliesLoaded (0ms)
			ExecutionOrderSort2 (0ms)
			AwakeInstancesAfterBackupRestoration (3ms)
Platform modules already initialized, skipping
========================================================================
Worker process is ready to serve import requests
Launching external process: /Applications/Unity/Hub/Editor/2021.3.10f1/Unity.app/Contents/Tools/UnityShaderCompiler
Launched and connected shader compiler UnityShaderCompiler after 0.06 seconds
Refreshing native plugins compatible for Editor in 0.31 ms, found 3 plugins.
Preloading 0 native plugins for Editor in 0.00 ms.
Unloading 2482 Unused Serialized files (Serialized files now loaded: 0)
Unloading 32 unused Assets / (20.2 KB). Loaded Objects now: 2946.
Memory consumption went from 209.2 MB to 209.2 MB.
Total: 2.889833 ms (FindLiveObjects: 0.156875 ms CreateObjectMapping: 0.042542 ms MarkObjects: 2.664792 ms  DeleteObjects: 0.024791 ms)

AssetImportParameters requested are different than current active one (requested -> active):
  custom:video-decoder-ogg-theora: a1e56fd34408186e4bbccfd4996cb3dc -> 
  custom:container-muxer-webm: aa71ff27fc2769a1b78a27578f13a17b -> 
  custom:container-demuxer-webm: 4f35f7cbe854078d1ac9338744f61a02 -> 
  custom:video-encoder-webm-vp8: eb34c28f22e8b96e1ab97ce403110664 -> 
  custom:framework-osx-AVFoundation: e770b220cccbd017edd2c1fefb359320 -> 
  custom:audio-encoder-webm-vorbis: bf7c407c2cedff20999df2af8eb42d56 -> 
  custom:container-demuxer-ogg: 62fdf1f143b41e24485cea50d1cbac27 -> 
  custom:video-decoder-webm-vp8: 9c59270c3fd7afecdb556c50c9e8de78 -> 
  custom:audio-decoder-ogg-vorbis: bf7c407c2cedff20999df2af8eb42d56 -> 
========================================================================
Received Import Request.
  Time since last request: 277911.998752 seconds.
  path: Assets/Resources/W_Bishop.prefab
  artifactKey: Guid(b2dc53d85657845c995c203241a05066) Importer(815301076,1909f56bfc062723c751e8b465ee728b)
Start importing Assets/Resources/W_Bishop.prefab using Guid(b2dc53d85657845c995c203241a05066) Importer(815301076,1909f56bfc062723c751e8b465ee728b)  -> (artifact id: '3ca74fdba0ebaeaf75f5b08b7da30f4c') in 0.784692 seconds 
========================================================================
Received Import Request.
  Time since last request: 0.000036 seconds.
  path: Assets/Resources/B_Rook.prefab
  artifactKey: Guid(419cc142ca82b4cd08d944b0d29a97e2) Importer(815301076,1909f56bfc062723c751e8b465ee728b)
Start importing Assets/Resources/B_Rook.prefab using Guid(419cc142ca82b4cd08d944b0d29a97e2) Importer(815301076,1909f56bfc062723c751e8b465ee728b)  -> (artifact id: '0365feb232394b7c0818f033d6496cdc') in 0.006916 seconds 
========================================================================
Received Import Request.
  Time since last request: 0.000041 seconds.
  path: Assets/Resources/B_Pawn.prefab
  artifactKey: Guid(34d57c08025a54ac1a37027ffae794d3) Importer(815301076,1909f56bfc062723c751e8b465ee728b)
Start importing Assets/Resources/B_Pawn.prefab using Guid(34d57c08025a54ac1a37027ffae794d3) Importer(815301076,1909f56bfc062723c751e8b465ee728b)  -> (artifact id: 'dc5e6b8f5f1243a9d682b9abe04034a3') in 0.005617 seconds 
========================================================================
Received Import Request.
  Time since last request: 0.000061 seconds.
  path: Assets/Resources/W_Rook.prefab
  artifactKey: Guid(a9cd31b10cefa4ed0bb84abe14cb658e) Importer(815301076,1909f56bfc062723c751e8b465ee728b)
Start importing Assets/Resources/W_Rook.prefab using Guid(a9cd31b10cefa4ed0bb84abe14cb658e) Importer(815301076,1909f56bfc062723c751e8b465ee728b)  -> (artifact id: '980ef8db78cb9ed90f1812b2101ef843') in 0.005552 seconds 
========================================================================
Received Import Request.
  Time since last request: 0.000056 seconds.
  path: Assets/Resources/W_King.prefab
  artifactKey: Guid(afd3b3783ecbb4f7d986443dfe241a74) Importer(815301076,1909f56bfc062723c751e8b465ee728b)
Start importing Assets/Resources/W_King.prefab using Guid(afd3b3783ecbb4f7d986443dfe241a74) Importer(815301076,1909f56bfc062723c751e8b465ee728b)  -> (artifact id: '2a5e19f0eaadda9dd08fa51458ef7a4d') in 0.007074 seconds 
========================================================================
Received Import Request.
  Time since last request: 0.000082 seconds.
  path: Assets/Resources/W_Queen.prefab
  artifactKey: Guid(9e869b7e1ce8445b09bee15c6cc4ddf9) Importer(815301076,1909f56bfc062723c751e8b465ee728b)
Start importing Assets/Resources/W_Queen.prefab using Guid(9e869b7e1ce8445b09bee15c6cc4ddf9) Importer(815301076,1909f56bfc062723c751e8b465ee728b)  -> (artifact id: '56ab3a18a8f6656dedaad1c1bc6a140f') in 0.005589 seconds 
========================================================================
Received Import Request.
  Time since last request: 0.000088 seconds.
  path: Assets/Scenes
  artifactKey: Guid(c17b8958dc5e346889317eca438c9e99) Importer(815301076,1909f56bfc062723c751e8b465ee728b)
Start importing Assets/Scenes using Guid(c17b8958dc5e346889317eca438c9e99) Importer(815301076,1909f56bfc062723c751e8b465ee728b)  -> (artifact id: '94af41a79741fbed40e0346fb2f4beef') in 0.000694 seconds 
========================================================================
Received Import Request.
  Time since last request: 0.000060 seconds.
  path: Assets/Resources/W_Knight.prefab
  artifactKey: Guid(550309b8453784c22953c5065ebcac5a) Importer(815301076,1909f56bfc062723c751e8b465ee728b)
Start importing Assets/Resources/W_Knight.prefab using Guid(550309b8453784c22953c5065ebcac5a) Importer(815301076,1909f56bfc062723c751e8b465ee728b)  -> (artifact id: '0841aaaa68f19f171b34cb9fcbe50591') in 0.006311 seconds 
========================================================================
Received Import Request.
  Time since last request: 0.000063 seconds.
  path: Assets/Resources/B_Knight.prefab
  artifactKey: Guid(3851e4bd396594b11a2c87c821fd46b7) Importer(815301076,1909f56bfc062723c751e8b465ee728b)
Start importing Assets/Resources/B_Knight.prefab using Guid(3851e4bd396594b11a2c87c821fd46b7) Importer(815301076,1909f56bfc062723c751e8b465ee728b)  -> (artifact id: '4bccc5ac94d966a3782c32c2cc7be5fc') in 0.005704 seconds 
========================================================================
Received Import Request.
  Time since last request: 0.000041 seconds.
  path: Assets/Resources/B_Queen.prefab
  artifactKey: Guid(1bbdbce8386264221a8cb97c09b5a1df) Importer(815301076,1909f56bfc062723c751e8b465ee728b)
Start importing Assets/Resources/B_Queen.prefab using Guid(1bbdbce8386264221a8cb97c09b5a1df) Importer(815301076,1909f56bfc062723c751e8b465ee728b)  -> (artifact id: '3bd5abf4b73fdc737dbeb83b84c864d7') in 0.004061 seconds 
========================================================================
Received Import Request.
  Time since last request: 0.000054 seconds.
  path: Assets/Resources/B_Bishop.prefab
  artifactKey: Guid(dc0c607b1adb04cafacd1860d8c10aa5) Importer(815301076,1909f56bfc062723c751e8b465ee728b)
Start importing Assets/Resources/B_Bishop.prefab using Guid(dc0c607b1adb04cafacd1860d8c10aa5) Importer(815301076,1909f56bfc062723c751e8b465ee728b)  -> (artifact id: '714427cf07f3f9997bf90ab96ceb50f6') in 0.006985 seconds 
========================================================================
Received Import Request.
  Time since last request: 0.000065 seconds.
  path: Assets/Resources/Chess_qdt60.png
  artifactKey: Guid(5dbc1e09ee98343b8a978c2c970ac929) Importer(815301076,1909f56bfc062723c751e8b465ee728b)
Start importing Assets/Resources/Chess_qdt60.png using Guid(5dbc1e09ee98343b8a978c2c970ac929) Importer(815301076,1909f56bfc062723c751e8b465ee728b)  -> (artifact id: '1ffb633e3e7b8caa53f11657e53271a4') in 0.585017 seconds 
========================================================================
Received Import Request.
  Time since last request: 20.488983 seconds.
  path: Assets/Resources/Pf_BoardTile.prefab
  artifactKey: Guid(3a309f443b6294b6582e055275413cc5) Importer(815301076,1909f56bfc062723c751e8b465ee728b)
Start importing Assets/Resources/Pf_BoardTile.prefab using Guid(3a309f443b6294b6582e055275413cc5) Importer(815301076,1909f56bfc062723c751e8b465ee728b)  -> (artifact id: '856b306626ed8a5fe63e820dc15f7190') in 0.007761 seconds 
========================================================================
Received Import Request.
  Time since last request: 4.186208 seconds.
  path: Assets/Resources/Pf_BoardTile.prefab
  artifactKey: Guid(3a309f443b6294b6582e055275413cc5) Importer(815301076,1909f56bfc062723c751e8b465ee728b)
Start importing Assets/Resources/Pf_BoardTile.prefab using Guid(3a309f443b6294b6582e055275413cc5) Importer(815301076,1909f56bfc062723c751e8b465ee728b)  -> (artifact id: '3606d573fcd385cf0f445df32ef44925') in 0.007168 seconds 
========================================================================
Received Import Request.
  Time since last request: 6.323198 seconds.
  path: Assets/Resources/Pf_BoardTile.prefab
  artifactKey: Guid(3a309f443b6294b6582e055275413cc5) Importer(815301076,1909f56bfc062723c751e8b465ee728b)
Start importing Assets/Resources/Pf_BoardTile.prefab using Guid(3a309f443b6294b6582e055275413cc5) Importer(815301076,1909f56bfc062723c751e8b465ee728b)  -> (artifact id: '6ce05867257dbc8e34fcbf97ff110f51') in 0.006269 seconds 
========================================================================
Received Prepare
Registering precompiled user dll's ...
Registered in 0.001076 seconds.
Begin MonoManager ReloadAssembly
Thread 0x28949f000 may have been prematurely finalized
Native extension for OSXStandalone target not found
Native extension for WebGL target not found
Refreshing native plugins compatible for Editor in 0.42 ms, found 3 plugins.
Preloading 0 native plugins for Editor in 0.00 ms.
Mono: successfully reloaded assembly
- Completed reload, in  0.670 seconds
Domain Reload Profiling:
	ReloadAssembly (671ms)
		BeginReloadAssembly (109ms)
			ExecutionOrderSort (0ms)
			DisableScriptedObjects (6ms)
			BackupInstance (0ms)
			ReleaseScriptingObjects (0ms)
			CreateAndSetChildDomain (49ms)
		EndReloadAssembly (494ms)
			LoadAssemblies (44ms)
			RebuildTransferFunctionScriptingTraits (0ms)
			SetupTypeCache (163ms)
			ReleaseScriptCaches (2ms)
			RebuildScriptCaches (33ms)
			SetupLoadedEditorAssemblies (217ms)
				LogAssemblyErrors (0ms)
				InitializePlatformSupportModulesInManaged (7ms)
				SetLoadedEditorAssemblies (0ms)
				RefreshPlugins (0ms)
				BeforeProcessingInitializeOnLoad (36ms)
				ProcessInitializeOnLoadAttributes (145ms)
				ProcessInitializeOnLoadMethodAttributes (27ms)
				AfterProcessingInitializeOnLoad (1ms)
				EditorAssembliesLoaded (0ms)
			ExecutionOrderSort2 (0ms)
			AwakeInstancesAfterBackupRestoration (5ms)
Platform modules already initialized, skipping
Refreshing native plugins compatible for Editor in 0.92 ms, found 3 plugins.
Preloading 0 native plugins for Editor in 0.00 ms.
Unloading 2471 Unused Serialized files (Serialized files now loaded: 0)
Unloading 20 unused Assets / (22.0 KB). Loaded Objects now: 2960.
Memory consumption went from 221.5 MB to 221.5 MB.
Total: 5.557042 ms (FindLiveObjects: 0.132834 ms CreateObjectMapping: 0.054834 ms MarkObjects: 5.345541 ms  DeleteObjects: 0.022584 ms)

AssetImportParameters requested are different than current active one (requested -> active):
  custom:video-decoder-ogg-theora: a1e56fd34408186e4bbccfd4996cb3dc -> 
  custom:container-muxer-webm: aa71ff27fc2769a1b78a27578f13a17b -> 
  custom:container-demuxer-webm: 4f35f7cbe854078d1ac9338744f61a02 -> 
  custom:video-encoder-webm-vp8: eb34c28f22e8b96e1ab97ce403110664 -> 
  custom:framework-osx-AVFoundation: e770b220cccbd017edd2c1fefb359320 -> 
  custom:audio-encoder-webm-vorbis: bf7c407c2cedff20999df2af8eb42d56 -> 
  custom:container-demuxer-ogg: 62fdf1f143b41e24485cea50d1cbac27 -> 
  custom:video-decoder-webm-vp8: 9c59270c3fd7afecdb556c50c9e8de78 -> 
  custom:audio-decoder-ogg-vorbis: bf7c407c2cedff20999df2af8eb42d56 -> 
========================================================================
Received Import Request.
  Time since last request: 76.964956 seconds.
  path: Assets/Scripts
  artifactKey: Guid(ca0e1ac27080e4982b664e0b6b0fde4a) Importer(815301076,1909f56bfc062723c751e8b465ee728b)
Start importing Assets/Scripts using Guid(ca0e1ac27080e4982b664e0b6b0fde4a) Importer(815301076,1909f56bfc062723c751e8b465ee728b)  -> (artifact id: '0b943c701c56d5966f5aea559152b36c') in 0.036897 seconds 
========================================================================
Received Import Request.
  Time since last request: 1.615462 seconds.
  path: Assets/Scripts/MoveHolder.cs
  artifactKey: Guid(968681345e556446a96903636e15085d) Importer(815301076,1909f56bfc062723c751e8b465ee728b)
Start importing Assets/Scripts/MoveHolder.cs using Guid(968681345e556446a96903636e15085d) Importer(815301076,1909f56bfc062723c751e8b465ee728b)  -> (artifact id: '212b11d252bc0152807b951394e0eebb') in 0.203658 seconds 
========================================================================
Received Prepare
Registering precompiled user dll's ...
Registered in 0.001130 seconds.
Begin MonoManager ReloadAssembly
Thread 0x16de77000 may have been prematurely finalized
Native extension for OSXStandalone target not found
Native extension for WebGL target not found
Refreshing native plugins compatible for Editor in 0.52 ms, found 3 plugins.
Preloading 0 native plugins for Editor in 0.00 ms.
Mono: successfully reloaded assembly
- Completed reload, in  0.700 seconds
Domain Reload Profiling:
	ReloadAssembly (700ms)
		BeginReloadAssembly (135ms)
			ExecutionOrderSort (0ms)
			DisableScriptedObjects (18ms)
			BackupInstance (0ms)
			ReleaseScriptingObjects (0ms)
			CreateAndSetChildDomain (60ms)
		EndReloadAssembly (496ms)
			LoadAssemblies (42ms)
			RebuildTransferFunctionScriptingTraits (1ms)
			SetupTypeCache (169ms)
			ReleaseScriptCaches (2ms)
			RebuildScriptCaches (34ms)
			SetupLoadedEditorAssemblies (213ms)
				LogAssemblyErrors (0ms)
				InitializePlatformSupportModulesInManaged (6ms)
				SetLoadedEditorAssemblies (0ms)
				RefreshPlugins (1ms)
				BeforeProcessingInitializeOnLoad (36ms)
				ProcessInitializeOnLoadAttributes (143ms)
				ProcessInitializeOnLoadMethodAttributes (27ms)
				AfterProcessingInitializeOnLoad (1ms)
				EditorAssembliesLoaded (0ms)
			ExecutionOrderSort2 (0ms)
			AwakeInstancesAfterBackupRestoration (5ms)
Platform modules already initialized, skipping
Refreshing native plugins compatible for Editor in 0.88 ms, found 3 plugins.
Preloading 0 native plugins for Editor in 0.00 ms.
Unloading 2471 Unused Serialized files (Serialized files now loaded: 0)
Unloading 20 unused Assets / (21.7 KB). Loaded Objects now: 2963.
Memory consumption went from 225.9 MB to 225.9 MB.
Total: 2.991750 ms (FindLiveObjects: 0.329583 ms CreateObjectMapping: 0.052584 ms MarkObjects: 2.580666 ms  DeleteObjects: 0.027750 ms)

AssetImportParameters requested are different than current active one (requested -> active):
  custom:video-decoder-ogg-theora: a1e56fd34408186e4bbccfd4996cb3dc -> 
  custom:container-muxer-webm: aa71ff27fc2769a1b78a27578f13a17b -> 
  custom:container-demuxer-webm: 4f35f7cbe854078d1ac9338744f61a02 -> 
  custom:video-encoder-webm-vp8: eb34c28f22e8b96e1ab97ce403110664 -> 
  custom:framework-osx-AVFoundation: e770b220cccbd017edd2c1fefb359320 -> 
  custom:audio-encoder-webm-vorbis: bf7c407c2cedff20999df2af8eb42d56 -> 
  custom:container-demuxer-ogg: 62fdf1f143b41e24485cea50d1cbac27 -> 
  custom:video-decoder-webm-vp8: 9c59270c3fd7afecdb556c50c9e8de78 -> 
  custom:audio-decoder-ogg-vorbis: bf7c407c2cedff20999df2af8eb42d56 -> 
